
다음에 접속됨: Oracle Database 19c Enterprise Edition Release 19.0.0.0.0 - Production
Version 19.3.0.0.0
KO16MSWIN949 문자 설정과 AL16UTF16 NCHAR 문자 설정에서 익스포트가 종료되었습니다
서버는 AL32UTF8 문자 집합을 사용합니다 (문자집합 변환이 가능합니다)

지정된 사용자를 익스포트하려고 합니다 ...
. 스키마 이전 단계의 객체와 작업을 엑스포트합니다\r

. JOEUN 사용자를 위해 외래 함수 라이브러리 이름을 엑스포트합니다 
. PUBLIC 유형 동의어 익스포트 중
. 전용 유형 동의어 익스포트 중
. JOEUN 사용자의 객체 유형 정의를 익스포트합니다.
JOEUN의 객체를 익스포트하려고 합니다 ...
. 데이터베이스 링크 익스포트 중
. 순차 번호 익스포트 중
. 클러스터 정의 익스포트 중
. JOEUN의 테이블을 익스포트하려고 합니다 via 규정 경로...
. .                       COUNTRIES 테이블 익스포트 중         25 행이 엑스포트됨
EXP-00091: 불완전한 통계를 익스포트 중입니다.
EXP-00091: 불완전한 통계를 익스포트 중입니다.
. .                      DEPARTMENT 테이블 익스포트 중          9 행이 엑스포트됨
EXP-00091: 불완전한 통계를 익스포트 중입니다.
EXP-00091: 불완전한 통계를 익스포트 중입니다.
. .                     DEPARTMENTS 테이블 익스포트 중         27 행이 엑스포트됨
EXP-00091: 불완전한 통계를 익스포트 중입니다.
EXP-00091: 불완전한 통계를 익스포트 중입니다.
EXP-00091: 불완전한 통계를 익스포트 중입니다.
. .                        EMPLOYEE 테이블 익스포트 중         23 행이 엑스포트됨
EXP-00091: 불완전한 통계를 익스포트 중입니다.
EXP-00091: 불완전한 통계를 익스포트 중입니다.
. .                       EMPLOYEES 테이블 익스포트 중        107 행이 엑스포트됨
EXP-00091: 불완전한 통계를 익스포트 중입니다.
EXP-00091: 불완전한 통계를 익스포트 중입니다.
EXP-00091: 불완전한 통계를 익스포트 중입니다.
EXP-00091: 불완전한 통계를 익스포트 중입니다.
EXP-00091: 불완전한 통계를 익스포트 중입니다.
EXP-00091: 불완전한 통계를 익스포트 중입니다.
EXP-00091: 불완전한 통계를 익스포트 중입니다.
. .                             JOB 테이블 익스포트 중          7 행이 엑스포트됨
EXP-00091: 불완전한 통계를 익스포트 중입니다.
EXP-00091: 불완전한 통계를 익스포트 중입니다.
. .                            JOBS 테이블 익스포트 중         19 행이 엑스포트됨
EXP-00091: 불완전한 통계를 익스포트 중입니다.
EXP-00091: 불완전한 통계를 익스포트 중입니다.
. .                     JOB_HISTORY 테이블 익스포트 중         10 행이 엑스포트됨
EXP-00091: 불완전한 통계를 익스포트 중입니다.
EXP-00091: 불완전한 통계를 익스포트 중입니다.
EXP-00091: 불완전한 통계를 익스포트 중입니다.
EXP-00091: 불완전한 통계를 익스포트 중입니다.
EXP-00091: 불완전한 통계를 익스포트 중입니다.
. .                        LOCATION 테이블 익스포트 중          5 행이 엑스포트됨
EXP-00091: 불완전한 통계를 익스포트 중입니다.
EXP-00091: 불완전한 통계를 익스포트 중입니다.
. .                       LOCATIONS 테이블 익스포트 중         23 행이 엑스포트됨
EXP-00091: 불완전한 통계를 익스포트 중입니다.
EXP-00091: 불완전한 통계를 익스포트 중입니다.
EXP-00091: 불완전한 통계를 익스포트 중입니다.
EXP-00091: 불완전한 통계를 익스포트 중입니다.
EXP-00091: 불완전한 통계를 익스포트 중입니다.
. .                        MS_BOARD 테이블 익스포트 중          0 행이 엑스포트됨
. .                         MS_FILE 테이블 익스포트 중          0 행이 엑스포트됨
. .                        MS_REPLY 테이블 익스포트 중          0 행이 엑스포트됨
. .                      MS_STUDENT 테이블 익스포트 중          7 행이 엑스포트됨
. .                 MS_STUDENT_BACK 테이블 익스포트 중          6 행이 엑스포트됨
EXP-00091: 불완전한 통계를 익스포트 중입니다.
. .                         MS_USER 테이블 익스포트 중          0 행이 엑스포트됨
EXP-00091: 불완전한 통계를 익스포트 중입니다.
EXP-00091: 불완전한 통계를 익스포트 중입니다.
. .                        NATIONAL 테이블 익스포트 중          5 행이 엑스포트됨
EXP-00091: 불완전한 통계를 익스포트 중입니다.
EXP-00091: 불완전한 통계를 익스포트 중입니다.
. .                         REGIONS 테이블 익스포트 중          4 행이 엑스포트됨
EXP-00091: 불완전한 통계를 익스포트 중입니다.
EXP-00091: 불완전한 통계를 익스포트 중입니다.
. .                       SAL_GRADE 테이블 익스포트 중          6 행이 엑스포트됨
EXP-00091: 불완전한 통계를 익스포트 중입니다.
EXP-00091: 불완전한 통계를 익스포트 중입니다.
. 동의어 익스포트 중
. 뷰 익스포트 중
. 저장 프로시저 익스포트 중
. 작업을 엑스포트합니다
. 참조 무결성 제약조건 익스포트 중
. 트리거 익스포트 중
. 인덱스유형을 엑스포팅합니다
. 비트맵, 함수, 기능과 확장 가능한 인덱스들을 엑스포트합니다
. 이후 테이블 처리 익스포트 중
. 구체화된 뷰 익스포트 중
. 스냅샷 로그 익스포트 중
. 작업 대기열 익스포트 중
. 새로고침 그룹과 하위 그룹 익스포트 중
. 차원을 엑스포트합니다
. 스키마 이후 단계의 객체와 작업을 엑스포트합니다\r

. 통계를 엑스포트합니다
익스포트가 경고를 보이며 성공적으로 끝났습니다
